# JRE version: OpenJDK Runtime Environment (8.0_152-b06) (build 1.8.0_152-release-1136-b06)
# Java VM: OpenJDK 64-Bit Server VM (25.152-b06 mixed mode linux-amd64 compressed oops)
Heap:
 PSYoungGen      total 430592K, used 8412K [0x00000000e0000000, 0x00000000fd000000, 0x0000000100000000)
  eden space 386048K, 0% used [0x00000000e0000000,0x00000000e0000000,0x00000000f7900000)
  from space 44544K, 18% used [0x00000000f7900000,0x00000000f8137348,0x00000000fa480000)
  to   space 39424K, 0% used [0x00000000fa980000,0x00000000fa980000,0x00000000fd000000)
 ParOldGen       total 168448K, used 89672K [0x00000000a0000000, 0x00000000aa480000, 0x00000000e0000000)
  object space 168448K, 53% used [0x00000000a0000000,0x00000000a57921f0,0x00000000aa480000)
 Metaspace       used 98488K, capacity 103150K, committed 103296K, reserved 1138688K
  class space    used 12480K, capacity 13410K, committed 13440K, reserved 1048576K
GC Heap History (10 events):
Event: 2720,067 GC heap after
Heap after GC invocations=33 (full 4):
 PSYoungGen      total 301056K, used 21540K [0x00000000e0000000, 0x00000000f8700000, 0x0000000100000000)
  eden space 250880K, 0% used [0x00000000e0000000,0x00000000e0000000,0x00000000ef500000)
  from space 50176K, 42% used [0x00000000ef500000,0x00000000f0a09330,0x00000000f2600000)
  to   space 47616K, 0% used [0x00000000f5880000,0x00000000f5880000,0x00000000f8700000)
 ParOldGen       total 143360K, used 127696K [0x00000000a0000000, 0x00000000a8c00000, 0x00000000e0000000)
  object space 143360K, 89% used [0x00000000a0000000,0x00000000a7cb4098,0x00000000a8c00000)
 Metaspace       used 97085K, capacity 101246K, committed 101376K, reserved 1136640K
  class space    used 12398K, capacity 13246K, committed 13312K, reserved 1048576K
}
Event: 2720,067 GC heap before
{Heap before GC invocations=34 (full 5):
 PSYoungGen      total 301056K, used 21540K [0x00000000e0000000, 0x00000000f8700000, 0x0000000100000000)
  eden space 250880K, 0% used [0x00000000e0000000,0x00000000e0000000,0x00000000ef500000)
  from space 50176K, 42% used [0x00000000ef500000,0x00000000f0a09330,0x00000000f2600000)
  to   space 47616K, 0% used [0x00000000f5880000,0x00000000f5880000,0x00000000f8700000)
 ParOldGen       total 143360K, used 127696K [0x00000000a0000000, 0x00000000a8c00000, 0x00000000e0000000)
  object space 143360K, 89% used [0x00000000a0000000,0x00000000a7cb4098,0x00000000a8c00000)
 Metaspace       used 97085K, capacity 101246K, committed 101376K, reserved 1136640K
  class space    used 12398K, capacity 13246K, committed 13312K, reserved 1048576K
Event: 2720,388 GC heap after
Heap after GC invocations=34 (full 5):
 PSYoungGen      total 301056K, used 0K [0x00000000e0000000, 0x00000000f8700000, 0x0000000100000000)
  eden space 250880K, 0% used [0x00000000e0000000,0x00000000e0000000,0x00000000ef500000)
  from space 50176K, 0% used [0x00000000ef500000,0x00000000ef500000,0x00000000f2600000)
  to   space 47616K, 0% used [0x00000000f5880000,0x00000000f5880000,0x00000000f8700000)
 ParOldGen       total 168448K, used 71846K [0x00000000a0000000, 0x00000000aa480000, 0x00000000e0000000)
  object space 168448K, 42% used [0x00000000a0000000,0x00000000a4629ac8,0x00000000aa480000)
 Metaspace       used 97082K, capacity 101242K, committed 101376K, reserved 1136640K
  class space    used 12397K, capacity 13244K, committed 13312K, reserved 1048576K
}
Event: 2722,335 GC heap before
{Heap before GC invocations=35 (full 5):
 PSYoungGen      total 301056K, used 250116K [0x00000000e0000000, 0x00000000f8700000, 0x0000000100000000)
  eden space 250880K, 99% used [0x00000000e0000000,0x00000000ef441278,0x00000000ef500000)
  from space 50176K, 0% used [0x00000000ef500000,0x00000000ef500000,0x00000000f2600000)
  to   space 47616K, 0% used [0x00000000f5880000,0x00000000f5880000,0x00000000f8700000)
 ParOldGen       total 168448K, used 71846K [0x00000000a0000000, 0x00000000aa480000, 0x00000000e0000000)
  object space 168448K, 42% used [0x00000000a0000000,0x00000000a4629ac8,0x00000000aa480000)
 Metaspace       used 97134K, capacity 101312K, committed 101632K, reserved 1138688K
  class space    used 12398K, capacity 13245K, committed 13312K, reserved 1048576K
Event: 2722,350 GC heap after
Heap after GC invocations=35 (full 5):
 PSYoungGen      total 350720K, used 23465K [0x00000000e0000000, 0x00000000f8400000, 0x0000000100000000)
  eden space 306176K, 0% used [0x00000000e0000000,0x00000000e0000000,0x00000000f2b00000)
  from space 44544K, 52% used [0x00000000f5880000,0x00000000f6f6a400,0x00000000f8400000)
  to   space 45568K, 0% used [0x00000000f2b00000,0x00000000f2b00000,0x00000000f5780000)
 ParOldGen       total 168448K, used 71854K [0x00000000a0000000, 0x00000000aa480000, 0x00000000e0000000)
  object space 168448K, 42% used [0x00000000a0000000,0x00000000a462bac8,0x00000000aa480000)
 Metaspace       used 97134K, capacity 101312K, committed 101632K, reserved 1138688K
  class space    used 12398K, capacity 13245K, committed 13312K, reserved 1048576K
}
Event: 2722,416 GC heap before
{Heap before GC invocations=36 (full 5):
 PSYoungGen      total 350720K, used 329200K [0x00000000e0000000, 0x00000000f8400000, 0x0000000100000000)
  eden space 306176K, 99% used [0x00000000e0000000,0x00000000f2a91fe0,0x00000000f2b00000)
  from space 44544K, 52% used [0x00000000f5880000,0x00000000f6f6a400,0x00000000f8400000)
  to   space 45568K, 0% used [0x00000000f2b00000,0x00000000f2b00000,0x00000000f5780000)
 ParOldGen       total 168448K, used 71854K [0x00000000a0000000, 0x00000000aa480000, 0x00000000e0000000)
  object space 168448K, 42% used [0x00000000a0000000,0x00000000a462bac8,0x00000000aa480000)
 Metaspace       used 97164K, capacity 101312K, committed 101632K, reserved 1138688K
  class space    used 12398K, capacity 13245K, committed 13312K, reserved 1048576K
Event: 2722,437 GC heap after
Heap after GC invocations=36 (full 5):
 PSYoungGen      total 351744K, used 64K [0x00000000e0000000, 0x00000000fd780000, 0x0000000100000000)
  eden space 306176K, 0% used [0x00000000e0000000,0x00000000e0000000,0x00000000f2b00000)
  from space 45568K, 0% used [0x00000000f2b00000,0x00000000f2b10000,0x00000000f5780000)
  to   space 47104K, 0% used [0x00000000fa980000,0x00000000fa980000,0x00000000fd780000)
 ParOldGen       total 168448K, used 89261K [0x00000000a0000000, 0x00000000aa480000, 0x00000000e0000000)
  object space 168448K, 52% used [0x00000000a0000000,0x00000000a572b798,0x00000000aa480000)
 Metaspace       used 97164K, capacity 101312K, committed 101632K, reserved 1138688K
  class space    used 12398K, capacity 13245K, committed 13312K, reserved 1048576K
}
Event: 2953,356 GC heap before
{Heap before GC invocations=37 (full 5):
 PSYoungGen      total 351744K, used 305346K [0x00000000e0000000, 0x00000000fd780000, 0x0000000100000000)
  eden space 306176K, 99% used [0x00000000e0000000,0x00000000f2a20a00,0x00000000f2b00000)
  from space 45568K, 0% used [0x00000000f2b00000,0x00000000f2b10000,0x00000000f5780000)
  to   space 47104K, 0% used [0x00000000fa980000,0x00000000fa980000,0x00000000fd780000)
 ParOldGen       total 168448K, used 89261K [0x00000000a0000000, 0x00000000aa480000, 0x00000000e0000000)
  object space 168448K, 52% used [0x00000000a0000000,0x00000000a572b798,0x00000000aa480000)
 Metaspace       used 97464K, capacity 101662K, committed 101888K, reserved 1138688K
  class space    used 12417K, capacity 13280K, committed 13312K, reserved 1048576K
Event: 2953,412 GC heap after
Heap after GC invocations=37 (full 5):
 PSYoungGen      total 425472K, used 20016K [0x00000000e0000000, 0x00000000fd000000, 0x0000000100000000)
  eden space 386048K, 0% used [0x00000000e0000000,0x00000000e0000000,0x00000000f7900000)
  from space 39424K, 50% used [0x00000000fa980000,0x00000000fbd0c1c0,0x00000000fd000000)
  to   space 44544K, 0% used [0x00000000f7900000,0x00000000f7900000,0x00000000fa480000)
 ParOldGen       total 168448K, used 89309K [0x00000000a0000000, 0x00000000aa480000, 0x00000000e0000000)
  object space 168448K, 53% used [0x00000000a0000000,0x00000000a5737798,0x00000000aa480000)
 Metaspace       used 97464K, capacity 101662K, committed 101888K, reserved 1138688K
  class space    used 12417K, capacity 13280K, committed 13312K, reserved 1048576K
}
Event: 4182,761 GC heap before
{Heap before GC invocations=38 (full 5):
 PSYoungGen      total 425472K, used 406049K [0x00000000e0000000, 0x00000000fd000000, 0x0000000100000000)
  eden space 386048K, 99% used [0x00000000e0000000,0x00000000f78fc400,0x00000000f7900000)
  from space 39424K, 50% used [0x00000000fa980000,0x00000000fbd0c1c0,0x00000000fd000000)
  to   space 44544K, 0% used [0x00000000f7900000,0x00000000f7900000,0x00000000fa480000)
 ParOldGen       total 168448K, used 89309K [0x00000000a0000000, 0x00000000aa480000, 0x00000000e0000000)
  object space 168448K, 53% used [0x00000000a0000000,0x00000000a5737798,0x00000000aa480000)
 Metaspace       used 98488K, capacity 103150K, committed 103296K, reserved 1138688K
  class space    used 12480K, capacity 13410K, committed 13440K, reserved 1048576K

